<?xml version="1.0" encoding="UTF-8"?>
<!-- Generated by org.testng.reporters.JUnitReportReporter -->
<testsuite hostname="DESKTOP-FOUIJUS" failures="0" tests="1" name="Module1_Login_Test.SwagLabLoginTest" time="10.162" errors="0" timestamp="2024-01-04T14:02:55 IST" skipped="0">
  <testcase classname="Module1_Login_Test.SwagLabLoginTest" name="VerifyTitle" time="10.162"/>
  <system-out/>
</testsuite> <!-- Module1_Login_Test.SwagLabLoginTest -->
